time="2024-10-22T21:28:54+06:00" level=info msg="create router" func="main.main()" file="app.go:15"
time="2024-10-22T21:28:54+06:00" level=info msg="register user handler" func="main.main()" file="app.go:18"
time="2024-10-22T21:33:38+06:00" level=info msg="create router" func="main.main()" file="app.go:14"
time="2024-10-22T21:33:38+06:00" level=info msg="register user handler" func="main.main()" file="app.go:17"
time="2024-10-22T21:33:38+06:00" level=info msg="start application" func="main.start()" file="app.go:27"
time="2024-11-03T18:13:32+06:00" level=info msg="create router" func="main.main()" file="app.go:18"
time="2024-11-03T18:13:32+06:00" level=info msg="read application configuration" func="rest_api/internal/config.GetConfig.func1()" file="config.go:24"
time="2024-11-03T18:13:32+06:00" level=info msg="register user handler" func="main.main()" file="app.go:21"
time="2024-11-03T18:13:32+06:00" level=info msg="start application" func="main.start()" file="app.go:30"
time="2024-11-03T18:13:32+06:00" level=info msg="listener tcp" func="main.start()" file="app.go:46"
time="2024-11-03T18:13:32+06:00" level=info msg="server is listening port 0.0.0.0:10000" func="main.start()" file="app.go:58"
time="2024-11-03T18:15:27+06:00" level=info msg="create router" func="main.main()" file="app.go:18"
time="2024-11-03T18:15:27+06:00" level=info msg="read application configuration" func="rest_api/internal/config.GetConfig.func1()" file="config.go:24"
time="2024-11-03T18:15:27+06:00" level=info msg="register user handler" func="main.main()" file="app.go:21"
time="2024-11-03T18:15:27+06:00" level=info msg="start application" func="main.start()" file="app.go:30"
time="2024-11-03T18:15:27+06:00" level=info msg="listener tcp" func="main.start()" file="app.go:46"
time="2024-11-03T18:15:27+06:00" level=info msg="server is listening port 127.0.0.1:10000" func="main.start()" file="app.go:58"
time="2024-11-03T18:17:10+06:00" level=info msg=GetList func="rest_api/internal/user.(*handler).GetList()" file="handler.go:40"
time="2024-11-03T18:18:59+06:00" level=info msg="create router" func="main.main()" file="app.go:18"
time="2024-11-03T18:18:59+06:00" level=info msg="read application configuration" func="rest_api/internal/config.GetConfig.func1()" file="config.go:24"
time="2024-11-03T18:18:59+06:00" level=info msg="register user handler" func="main.main()" file="app.go:21"
time="2024-11-03T18:18:59+06:00" level=info msg="start application" func="main.start()" file="app.go:30"
time="2024-11-03T18:18:59+06:00" level=info msg="Create socket" func="main.start()" file="app.go:40"
time="2024-11-03T18:18:59+06:00" level=debug msg="socketPath: C:\\Users\\Andrey\\AppData\\Local\\JetBrains\\GoLand2024.2\\tmp\\GoLand\\app.sock" func="main.start()" file="app.go:42"
time="2024-11-03T18:18:59+06:00" level=info msg="listener unix socket" func="main.start()" file="app.go:43"
time="2024-11-03T18:18:59+06:00" level=info msg="server is listening port 127.0.0.1:10000" func="main.start()" file="app.go:58"
time="2024-11-03T18:27:23+06:00" level=info msg="create router" func="main.main()" file="app.go:18"
time="2024-11-03T18:27:23+06:00" level=info msg="read application configuration" func="rest_api/internal/config.GetConfig.func1()" file="config.go:24"
time="2024-11-03T18:27:23+06:00" level=info msg="register user handler" func="main.main()" file="app.go:21"
time="2024-11-03T18:27:23+06:00" level=info msg="start application" func="main.start()" file="app.go:30"
time="2024-11-03T18:27:23+06:00" level=info msg="Create socket" func="main.start()" file="app.go:40"
time="2024-11-03T18:27:23+06:00" level=debug msg="socketPath: C:\\Users\\Andrey\\AppData\\Local\\JetBrains\\GoLand2024.2\\tmp\\GoLand\\app.sock" func="main.start()" file="app.go:42"
time="2024-11-03T18:27:23+06:00" level=info msg="listener unix socket" func="main.start()" file="app.go:43"
time="2024-11-03T18:27:23+06:00" level=fatal msg="listen unix C:\\Users\\Andrey\\AppData\\Local\\JetBrains\\GoLand2024.2\\tmp\\GoLand\\app.sock: bind: Only one usage of each socket address (protocol/network address/port) is normally permitted." func="main.start()" file="app.go:50"
time="2024-11-03T18:31:05+06:00" level=info msg="create router" func="main.main()" file="app.go:18"
time="2024-11-03T18:31:05+06:00" level=info msg="read application configuration" func="rest_api/internal/config.GetConfig.func1()" file="config.go:24"
time="2024-11-03T18:31:05+06:00" level=info msg="register user handler" func="main.main()" file="app.go:21"
time="2024-11-03T18:31:05+06:00" level=info msg="start application" func="main.start()" file="app.go:30"
time="2024-11-03T18:31:05+06:00" level=info msg="Create socket" func="main.start()" file="app.go:40"
time="2024-11-03T18:31:05+06:00" level=debug msg="socketPath: D:\\projectGo\\teach\\rest_api\\build\\app.sock" func="main.start()" file="app.go:42"
time="2024-11-03T18:31:05+06:00" level=info msg="listener unix socket" func="main.start()" file="app.go:43"
time="2024-11-03T18:31:05+06:00" level=info msg="server is listening port 127.0.0.1:8080" func="main.start()" file="app.go:58"
time="2024-11-03T18:32:09+06:00" level=info msg="create router" func="main.main()" file="app.go:18"
time="2024-11-03T18:32:09+06:00" level=info msg="read application configuration" func="rest_api/internal/config.GetConfig.func1()" file="config.go:24"
time="2024-11-03T18:32:09+06:00" level=info msg="register user handler" func="main.main()" file="app.go:21"
time="2024-11-03T18:32:09+06:00" level=info msg="start application" func="main.start()" file="app.go:30"
time="2024-11-03T18:32:09+06:00" level=info msg="Create socket" func="main.start()" file="app.go:40"
time="2024-11-03T18:32:09+06:00" level=debug msg="socketPath: D:\\projectGo\\teach\\rest_api\\build\\app.sock" func="main.start()" file="app.go:42"
time="2024-11-03T18:32:09+06:00" level=info msg="listener unix socket" func="main.start()" file="app.go:43"
time="2024-11-03T18:32:09+06:00" level=fatal msg="listen unix D:\\projectGo\\teach\\rest_api\\build\\app.sock: bind: Only one usage of each socket address (protocol/network address/port) is normally permitted." func="main.start()" file="app.go:52"
time="2024-11-03T18:33:51+06:00" level=info msg="create router" func="main.main()" file="app.go:18"
time="2024-11-03T18:33:51+06:00" level=info msg="read application configuration" func="rest_api/internal/config.GetConfig.func1()" file="config.go:24"
time="2024-11-03T18:33:51+06:00" level=info msg="register user handler" func="main.main()" file="app.go:21"
time="2024-11-03T18:33:51+06:00" level=info msg="start application" func="main.start()" file="app.go:30"
time="2024-11-03T18:33:51+06:00" level=info msg="Create socket" func="main.start()" file="app.go:40"
time="2024-11-03T18:33:51+06:00" level=debug msg="socketPath: D:\\projectGo\\teach\\rest_api\\build\\app.sock" func="main.start()" file="app.go:42"
time="2024-11-03T18:33:51+06:00" level=info msg="listener unix socket" func="main.start()" file="app.go:43"
time="2024-11-03T18:33:51+06:00" level=info msg="server is listening unix socket D:\\projectGo\\teach\\rest_api\\build\\app.sock" func="main.start()" file="app.go:45"
time="2024-11-03T18:33:51+06:00" level=fatal msg="listen unix D:\\projectGo\\teach\\rest_api\\build\\app.sock: bind: Only one usage of each socket address (protocol/network address/port) is normally permitted." func="main.start()" file="app.go:53"
time="2024-11-03T18:34:10+06:00" level=info msg="create router" func="main.main()" file="app.go:18"
time="2024-11-03T18:34:10+06:00" level=info msg="read application configuration" func="rest_api/internal/config.GetConfig.func1()" file="config.go:24"
time="2024-11-03T18:34:10+06:00" level=info msg="register user handler" func="main.main()" file="app.go:21"
time="2024-11-03T18:34:10+06:00" level=info msg="start application" func="main.start()" file="app.go:30"
time="2024-11-03T18:34:10+06:00" level=info msg="Create socket" func="main.start()" file="app.go:40"
time="2024-11-03T18:34:10+06:00" level=debug msg="socketPath: D:\\projectGo\\teach\\rest_api\\build\\app.sock" func="main.start()" file="app.go:42"
time="2024-11-03T18:34:10+06:00" level=info msg="listener unix socket" func="main.start()" file="app.go:43"
time="2024-11-03T18:34:10+06:00" level=info msg="server is listening unix socket D:\\projectGo\\teach\\rest_api\\build\\app.sock" func="main.start()" file="app.go:45"
time="2024-11-03T18:34:10+06:00" level=fatal msg="listen unix D:\\projectGo\\teach\\rest_api\\build\\app.sock: bind: Only one usage of each socket address (protocol/network address/port) is normally permitted." func="main.start()" file="app.go:53"
time="2024-11-03T18:36:57+06:00" level=info msg="create router" func="main.main()" file="app.go:18"
time="2024-11-03T18:36:57+06:00" level=info msg="read application configuration" func="rest_api/internal/config.GetConfig.func1()" file="config.go:24"
time="2024-11-03T18:36:57+06:00" level=info msg="register user handler" func="main.main()" file="app.go:21"
time="2024-11-03T18:36:57+06:00" level=info msg="start application" func="main.start()" file="app.go:30"
time="2024-11-03T18:36:57+06:00" level=info msg="Detect app path" func="main.start()" file="app.go:40"
time="2024-11-03T18:36:57+06:00" level=info msg="server is listening unix socket D:\\projectGo\\teach\\rest_api\\build\\app.sock" func="main.start()" file="app.go:43"
time="2024-11-03T18:36:57+06:00" level=fatal msg="listen unix D:\\projectGo\\teach\\rest_api\\build\\app.sock: bind: Only one usage of each socket address (protocol/network address/port) is normally permitted." func="main.start()" file="app.go:51"
time="2024-11-03T18:39:38+06:00" level=info msg="create router" func="main.main()" file="app.go:18"
time="2024-11-03T18:39:38+06:00" level=info msg="read application configuration" func="rest_api/internal/config.GetConfig.func1()" file="config.go:24"
time="2024-11-03T18:39:38+06:00" level=info msg="register user handler" func="main.main()" file="app.go:21"
time="2024-11-03T18:39:38+06:00" level=info msg="start application" func="main.start()" file="app.go:30"
time="2024-11-03T18:39:38+06:00" level=info msg="Detect app path" func="main.start()" file="app.go:40"
time="2024-11-03T18:39:38+06:00" level=fatal msg="listen unix D:\\projectGo\\teach\\rest_api\\build\\app.sock: bind: Only one usage of each socket address (protocol/network address/port) is normally permitted." func="main.start()" file="app.go:50"
time="2024-11-03T18:41:51+06:00" level=info msg="create router" func="main.main()" file="app.go:18"
time="2024-11-03T18:41:51+06:00" level=info msg="read application configuration" func="rest_api/internal/config.GetConfig.func1()" file="config.go:24"
time="2024-11-03T18:41:51+06:00" level=info msg="register user handler" func="main.main()" file="app.go:21"
time="2024-11-03T18:41:51+06:00" level=info msg="start application" func="main.start()" file="app.go:30"
time="2024-11-03T18:41:51+06:00" level=info msg="Create socket" func="main.start()" file="app.go:40"
time="2024-11-03T18:41:51+06:00" level=debug msg="socketPath: D:\\projectGo\\teach\\rest_api\\build\\app.sock" func="main.start()" file="app.go:42"
time="2024-11-03T18:41:51+06:00" level=info msg="listener unix socket" func="main.start()" file="app.go:43"
time="2024-11-03T18:41:51+06:00" level=fatal msg="listen unix D:\\projectGo\\teach\\rest_api\\build\\app.sock: bind: Only one usage of each socket address (protocol/network address/port) is normally permitted." func="main.start()" file="app.go:53"
time="2024-11-03T18:44:04+06:00" level=info msg="create router" func="main.main()" file="app.go:18"
time="2024-11-03T18:44:04+06:00" level=info msg="read application configuration" func="rest_api/internal/config.GetConfig.func1()" file="config.go:24"
time="2024-11-03T18:44:04+06:00" level=info msg="register user handler" func="main.main()" file="app.go:21"
time="2024-11-03T18:44:04+06:00" level=info msg="start application" func="main.start()" file="app.go:30"
time="2024-11-03T18:44:04+06:00" level=info msg="Create socket" func="main.start()" file="app.go:40"
time="2024-11-03T18:44:04+06:00" level=debug msg="socketPath: D:\\projectGo\\teach\\rest_api\\build\\app.sock" func="main.start()" file="app.go:42"
time="2024-11-03T18:44:04+06:00" level=info msg="listener unix socket" func="main.start()" file="app.go:43"
time="2024-11-03T18:44:04+06:00" level=fatal msg="listen unix D:\\projectGo\\teach\\rest_api\\build\\app.sock: bind: Only one usage of each socket address (protocol/network address/port) is normally permitted." func="main.start()" file="app.go:53"
time="2024-11-03T18:45:30+06:00" level=info msg="create router" func="main.main()" file="app.go:18"
time="2024-11-03T18:45:30+06:00" level=info msg="read application configuration" func="rest_api/internal/config.GetConfig.func1()" file="config.go:24"
time="2024-11-03T18:45:30+06:00" level=info msg="register user handler" func="main.main()" file="app.go:21"
time="2024-11-03T18:45:30+06:00" level=info msg="start application" func="main.start()" file="app.go:30"
time="2024-11-03T18:45:30+06:00" level=info msg="listener tcp" func="main.start()" file="app.go:47"
time="2024-11-03T18:45:30+06:00" level=info msg="server is listening port 127.0.0.1:8080" func="main.start()" file="app.go:49"
time="2024-11-03T18:45:39+06:00" level=info msg="create router" func="main.main()" file="app.go:18"
time="2024-11-03T18:45:39+06:00" level=info msg="read application configuration" func="rest_api/internal/config.GetConfig.func1()" file="config.go:24"
time="2024-11-03T18:45:39+06:00" level=info msg="register user handler" func="main.main()" file="app.go:21"
time="2024-11-03T18:45:39+06:00" level=info msg="start application" func="main.start()" file="app.go:30"
time="2024-11-03T18:45:39+06:00" level=info msg="listener tcp" func="main.start()" file="app.go:47"
time="2024-11-03T18:45:39+06:00" level=info msg="server is listening port 127.0.0.1:10000" func="main.start()" file="app.go:49"
time="2024-11-03T18:45:56+06:00" level=info msg="create router" func="main.main()" file="app.go:18"
time="2024-11-03T18:45:56+06:00" level=info msg="read application configuration" func="rest_api/internal/config.GetConfig.func1()" file="config.go:24"
time="2024-11-03T18:45:56+06:00" level=info msg="register user handler" func="main.main()" file="app.go:21"
time="2024-11-03T18:45:56+06:00" level=info msg="start application" func="main.start()" file="app.go:30"
time="2024-11-03T18:45:56+06:00" level=info msg="Create socket" func="main.start()" file="app.go:40"
time="2024-11-03T18:45:56+06:00" level=debug msg="socketPath: D:\\projectGo\\teach\\rest_api\\build\\app.sock" func="main.start()" file="app.go:42"
time="2024-11-03T18:45:56+06:00" level=info msg="listener unix socket" func="main.start()" file="app.go:43"
time="2024-11-03T18:45:56+06:00" level=fatal msg="listen unix D:\\projectGo\\teach\\rest_api\\build\\app.sock: bind: Only one usage of each socket address (protocol/network address/port) is normally permitted." func="main.start()" file="app.go:53"
time="2024-11-04T12:52:21+06:00" level=info msg="create router" func="main.main()" file="app.go:18"
time="2024-11-04T12:52:21+06:00" level=info msg="read application configuration" func="rest_api/internal/config.GetConfig.func1()" file="config.go:24"
time="2024-11-04T12:52:21+06:00" level=info msg="register user handler" func="main.main()" file="app.go:21"
time="2024-11-04T12:52:21+06:00" level=info msg="start application" func="main.start()" file="app.go:30"
time="2024-11-04T12:52:21+06:00" level=info msg="Create socket" func="main.start()" file="app.go:40"
time="2024-11-04T12:52:21+06:00" level=debug msg="socketPath: C:\\Users\\Andrey\\AppData\\Local\\JetBrains\\GoLand2024.2\\tmp\\GoLand\\app.sock" func="main.start()" file="app.go:42"
time="2024-11-04T12:52:21+06:00" level=info msg="listener unix socket" func="main.start()" file="app.go:43"
time="2024-11-04T12:52:21+06:00" level=fatal msg="listen unix C:\\Users\\Andrey\\AppData\\Local\\JetBrains\\GoLand2024.2\\tmp\\GoLand\\app.sock: bind: Only one usage of each socket address (protocol/network address/port) is normally permitted." func="main.start()" file="app.go:53"
time="2024-11-04T12:54:18+06:00" level=info msg="create router" func="main.main()" file="app.go:18"
time="2024-11-04T12:54:18+06:00" level=info msg="read application configuration" func="rest_api/internal/config.GetConfig.func1()" file="config.go:24"
time="2024-11-04T12:54:18+06:00" level=info msg="register user handler" func="main.main()" file="app.go:21"
time="2024-11-04T12:54:18+06:00" level=info msg="start application" func="main.start()" file="app.go:30"
time="2024-11-04T12:54:18+06:00" level=info msg="Create socket" func="main.start()" file="app.go:40"
time="2024-11-04T12:54:18+06:00" level=debug msg="socketPath: D:\\projectGo\\teach\\rest_api\\app.sock" func="main.start()" file="app.go:42"
time="2024-11-04T12:54:18+06:00" level=info msg="listener unix socket" func="main.start()" file="app.go:43"
time="2024-11-04T13:00:45+06:00" level=info msg="create router" func="main.main()" file="app.go:18"
time="2024-11-04T13:00:45+06:00" level=info msg="read application configuration" func="rest_api/internal/config.GetConfig.func1()" file="config.go:24"
time="2024-11-04T13:00:45+06:00" level=info msg="register user handler" func="main.main()" file="app.go:21"
time="2024-11-04T13:00:45+06:00" level=info msg="start application" func="main.start()" file="app.go:30"
time="2024-11-04T13:00:45+06:00" level=info msg="Detect app path" func="main.start()" file="app.go:36"
time="2024-11-04T13:00:45+06:00" level=info msg="Create socket" func="main.start()" file="app.go:41"
time="2024-11-04T13:00:45+06:00" level=debug msg="socketPath: D:\\projectGo\\teach\\rest_api\\1app.sock" func="main.start()" file="app.go:43"
time="2024-11-04T13:00:45+06:00" level=info msg="listener unix socket" func="main.start()" file="app.go:44"
time="2024-11-04T13:03:09+06:00" level=info msg="create router" func="main.main()" file="app.go:18"
time="2024-11-04T13:03:09+06:00" level=info msg="read application configuration" func="rest_api/internal/config.GetConfig.func1()" file="config.go:24"
time="2024-11-04T13:03:09+06:00" level=info msg="register user handler" func="main.main()" file="app.go:21"
time="2024-11-04T13:03:09+06:00" level=info msg="start application" func="main.start()" file="app.go:30"
time="2024-11-04T13:03:09+06:00" level=info msg="Detect app path" func="main.start()" file="app.go:36"
time="2024-11-04T13:03:09+06:00" level=info msg="Create socket" func="main.start()" file="app.go:41"
time="2024-11-04T13:03:09+06:00" level=debug msg="socketPath: D:\\projectGo\\teach\\rest_api\\app.sock" func="main.start()" file="app.go:44"
time="2024-11-04T13:03:09+06:00" level=info msg="listener unix socket" func="main.start()" file="app.go:45"
time="2024-11-04T13:05:12+06:00" level=info msg="create router" func="main.main()" file="app.go:18"
time="2024-11-04T13:05:12+06:00" level=info msg="read application configuration" func="rest_api/internal/config.GetConfig.func1()" file="config.go:24"
time="2024-11-04T13:05:12+06:00" level=info msg="register user handler" func="main.main()" file="app.go:21"
time="2024-11-04T13:05:12+06:00" level=info msg="start application" func="main.start()" file="app.go:30"
time="2024-11-04T13:05:12+06:00" level=info msg="Detect app path" func="main.start()" file="app.go:36"
time="2024-11-04T13:05:12+06:00" level=info msg="Create socket" func="main.start()" file="app.go:41"
time="2024-11-04T13:05:12+06:00" level=debug msg=" and this appDir D:\\projectGo\\teach\\rest_api" func="main.start()" file="app.go:43"
time="2024-11-04T13:05:12+06:00" level=debug msg="socketPath: D:\\projectGo\\teach\\rest_api\\app.sock" func="main.start()" file="app.go:44"
time="2024-11-04T13:05:12+06:00" level=info msg="listener unix socket" func="main.start()" file="app.go:45"
time="2024-11-04T13:05:12+06:00" level=fatal msg="listen unix D:\\projectGo\\teach\\rest_api\\app.sock: bind: Only one usage of each socket address (protocol/network address/port) is normally permitted." func="main.start()" file="app.go:55"
time="2024-11-04T13:07:00+06:00" level=info msg="create router" func="main.main()" file="app.go:18"
time="2024-11-04T13:07:00+06:00" level=info msg="read application configuration" func="rest_api/internal/config.GetConfig.func1()" file="config.go:24"
time="2024-11-04T13:07:00+06:00" level=info msg="register user handler" func="main.main()" file="app.go:21"
time="2024-11-04T13:07:00+06:00" level=info msg="start application" func="main.start()" file="app.go:30"
time="2024-11-04T13:07:00+06:00" level=info msg="Detect app path" func="main.start()" file="app.go:36"
time="2024-11-04T13:07:00+06:00" level=info msg="Create socket" func="main.start()" file="app.go:41"
time="2024-11-04T13:07:00+06:00" level=debug msg="socketPath: D:\\projectGo\\teach\\rest_api\\build\\app.sock" func="main.start()" file="app.go:43"
time="2024-11-04T13:07:00+06:00" level=info msg="listener unix socket" func="main.start()" file="app.go:44"
time="2024-11-04T13:07:00+06:00" level=fatal msg="listen unix D:\\projectGo\\teach\\rest_api\\build\\app.sock: bind: Only one usage of each socket address (protocol/network address/port) is normally permitted." func="main.start()" file="app.go:54"
time="2024-11-04T13:07:38+06:00" level=info msg="create router" func="main.main()" file="app.go:18"
time="2024-11-04T13:07:38+06:00" level=info msg="read application configuration" func="rest_api/internal/config.GetConfig.func1()" file="config.go:24"
time="2024-11-04T13:07:38+06:00" level=info msg="register user handler" func="main.main()" file="app.go:21"
time="2024-11-04T13:07:38+06:00" level=info msg="start application" func="main.start()" file="app.go:30"
time="2024-11-04T13:07:38+06:00" level=info msg="Detect app path" func="main.start()" file="app.go:36"
time="2024-11-04T13:07:38+06:00" level=info msg="Create socket" func="main.start()" file="app.go:41"
time="2024-11-04T13:07:38+06:00" level=debug msg="socketPath: D:\\projectGo\\teach\\rest_api\\build\\app.sock" func="main.start()" file="app.go:43"
time="2024-11-04T13:07:38+06:00" level=info msg="listener unix socket" func="main.start()" file="app.go:44"
time="2024-11-04T13:07:38+06:00" level=fatal msg="listen unix D:\\projectGo\\teach\\rest_api\\build\\app.sock: bind: Only one usage of each socket address (protocol/network address/port) is normally permitted." func="main.start()" file="app.go:54"
time="2024-11-04T13:09:26+06:00" level=info msg="create router" func="main.main()" file="app.go:18"
time="2024-11-04T13:09:26+06:00" level=info msg="read application configuration" func="rest_api/internal/config.GetConfig.func1()" file="config.go:24"
time="2024-11-04T13:09:26+06:00" level=info msg="register user handler" func="main.main()" file="app.go:21"
time="2024-11-04T13:09:26+06:00" level=info msg="start application" func="main.start()" file="app.go:30"
time="2024-11-04T13:09:26+06:00" level=info msg="Detect app path" func="main.start()" file="app.go:36"
time="2024-11-04T13:09:26+06:00" level=info msg="Create socket" func="main.start()" file="app.go:41"
time="2024-11-04T13:09:26+06:00" level=debug msg="socketPath: D:\\projectGo\\teach\\rest_api\\build\\app.sock" func="main.start()" file="app.go:43"
time="2024-11-04T13:09:26+06:00" level=info msg="listener unix socket" func="main.start()" file="app.go:44"
